<?xml version="1.0" encoding="UTF-8"?>
<testng-results skipped="0" failed="0" ignored="0" total="2" passed="2">
  <reporter-output>
  </reporter-output>
  <suite name="Suite" duration-ms="14535" started-at="2023-01-05T13:34:06 BDT" finished-at="2023-01-05T13:34:21 BDT">
    <groups>
      <group name="regression">
        <method signature="TC_001_AccountRegistration.test_account_Registration()[pri:0, instance:testCases.TC_001_AccountRegistration@42607a4f]" name="test_account_Registration" class="testCases.TC_001_AccountRegistration"/>
      </group> <!-- regression -->
      <group name="sanity">
        <method signature="TC_002_Login.test_Login()[pri:0, instance:testCases.TC_002_Login@2e3fc542]" name="test_Login" class="testCases.TC_002_Login"/>
      </group> <!-- sanity -->
      <group name="master">
        <method signature="TC_001_AccountRegistration.test_account_Registration()[pri:0, instance:testCases.TC_001_AccountRegistration@42607a4f]" name="test_account_Registration" class="testCases.TC_001_AccountRegistration"/>
        <method signature="TC_002_Login.test_Login()[pri:0, instance:testCases.TC_002_Login@2e3fc542]" name="test_Login" class="testCases.TC_002_Login"/>
      </group> <!-- master -->
    </groups>
    <test name="Test" duration-ms="14535" started-at="2023-01-05T13:34:06 BDT" finished-at="2023-01-05T13:34:21 BDT">
      <class name="testCases.TC_001_AccountRegistration">
        <test-method status="PASS" signature="setup(java.lang.String)[pri:0, instance:testCases.TC_001_AccountRegistration@42607a4f]" name="setup" is-config="true" duration-ms="5948" started-at="2023-01-05T13:34:07 BDT" finished-at="2023-01-05T13:34:13 BDT">
          <params>
            <param index="0">
              <value>
                <![CDATA[chrome]]>
              </value>
            </param>
          </params>
          <reporter-output>
          </reporter-output>
        </test-method> <!-- setup -->
        <test-method status="PASS" signature="test_account_Registration()[pri:0, instance:testCases.TC_001_AccountRegistration@42607a4f]" name="test_account_Registration" duration-ms="4155" started-at="2023-01-05T13:34:13 BDT" finished-at="2023-01-05T13:34:17 BDT">
          <reporter-output>
          </reporter-output>
        </test-method> <!-- test_account_Registration -->
        <test-method status="PASS" signature="teardown()[pri:0, instance:testCases.TC_001_AccountRegistration@42607a4f]" name="teardown" is-config="true" duration-ms="96" started-at="2023-01-05T13:34:17 BDT" finished-at="2023-01-05T13:34:17 BDT">
          <reporter-output>
          </reporter-output>
        </test-method> <!-- teardown -->
      </class> <!-- testCases.TC_001_AccountRegistration -->
      <class name="testCases.TC_002_Login">
        <test-method status="PASS" signature="setup(java.lang.String)[pri:0, instance:testCases.TC_002_Login@2e3fc542]" name="setup" is-config="true" duration-ms="1413" started-at="2023-01-05T13:34:17 BDT" finished-at="2023-01-05T13:34:18 BDT">
          <params>
            <param index="0">
              <value>
                <![CDATA[chrome]]>
              </value>
            </param>
          </params>
          <reporter-output>
          </reporter-output>
        </test-method> <!-- setup -->
        <test-method status="PASS" signature="test_Login()[pri:0, instance:testCases.TC_002_Login@2e3fc542]" name="test_Login" duration-ms="2384" started-at="2023-01-05T13:34:18 BDT" finished-at="2023-01-05T13:34:21 BDT">
          <reporter-output>
          </reporter-output>
        </test-method> <!-- test_Login -->
        <test-method status="PASS" signature="teardown()[pri:0, instance:testCases.TC_002_Login@2e3fc542]" name="teardown" is-config="true" duration-ms="113" started-at="2023-01-05T13:34:21 BDT" finished-at="2023-01-05T13:34:21 BDT">
          <reporter-output>
          </reporter-output>
        </test-method> <!-- teardown -->
      </class> <!-- testCases.TC_002_Login -->
    </test> <!-- Test -->
  </suite> <!-- Suite -->
</testng-results>
